<?xml version="1.0" encoding="UTF-8"?>
<!-- Generated by org.testng.reporters.JUnitXMLReporter -->
<testsuite ignored="0" hostname="hemaSudha" failures="0" tests="2" name="Default test" time="19.636" errors="0" timestamp="2022-07-22T19:53:25 IST">
  <testcase classname="com.example.healthcare.CapstoneprojectMedicareApplicationTests" name="AdminLoginTest" time="7.306"/>
  <testcase classname="com.example.healthcare.CapstoneprojectMedicareApplicationTests" name="UserLoginTest" time="12.273"/>
</testsuite> <!-- Default test -->
