<?xml version="1.0" encoding="UTF-8"?>
<testng-results ignored="0" total="2" passed="2" failed="0" skipped="0">
  <reporter-output>
  </reporter-output>
  <suite started-at="2022-07-22T19:53:05 IST" name="Default suite" finished-at="2022-07-22T19:53:25 IST" duration-ms="19636">
    <groups>
    </groups>
    <test started-at="2022-07-22T19:53:05 IST" name="Default test" finished-at="2022-07-22T19:53:25 IST" duration-ms="19636">
      <class name="com.example.healthcare.CapstoneprojectMedicareApplicationTests">
        <test-method signature="AdminLoginTest()[pri:0, instance:com.example.healthcare.CapstoneprojectMedicareApplicationTests@5677323c]" started-at="2022-07-22T19:53:05 IST" name="AdminLoginTest" finished-at="2022-07-22T19:53:13 IST" duration-ms="7306" status="PASS">
          <reporter-output>
          </reporter-output>
        </test-method> <!-- AdminLoginTest -->
        <test-method signature="UserLoginTest()[pri:0, instance:com.example.healthcare.CapstoneprojectMedicareApplicationTests@5677323c]" started-at="2022-07-22T19:53:13 IST" name="UserLoginTest" finished-at="2022-07-22T19:53:25 IST" duration-ms="12273" status="PASS">
          <reporter-output>
          </reporter-output>
        </test-method> <!-- UserLoginTest -->
      </class> <!-- com.example.healthcare.CapstoneprojectMedicareApplicationTests -->
    </test> <!-- Default test -->
  </suite> <!-- Default suite -->
</testng-results>
